  [1m[35m (2.2ms)[0m  [1m[34mSELECT sqlite_version(*)[0m
  [1m[35m (1.6ms)[0m  [1m[35mCREATE TABLE "schema_migrations" ("version" varchar NOT NULL PRIMARY KEY)[0m
  [1m[35m (1.0ms)[0m  [1m[35mCREATE TABLE "ar_internal_metadata" ("key" varchar NOT NULL PRIMARY KEY, "value" varchar, "created_at" datetime(6) NOT NULL, "updated_at" datetime(6) NOT NULL)[0m
  [1m[36mActiveRecord::SchemaMigration Pluck (0.3ms)[0m  [1m[34mSELECT "schema_migrations"."version" FROM "schema_migrations" ORDER BY "schema_migrations"."version" ASC[0m
Migrating to CreateQuestions (20220705062907)
  [1m[36mTRANSACTION (0.1ms)[0m  [1m[36mbegin transaction[0m
  [1m[35m (0.6ms)[0m  [1m[35mCREATE TABLE "questions" ("id" integer PRIMARY KEY AUTOINCREMENT NOT NULL, "name" varchar, "title" varchar, "content" text, "created_at" datetime(6) NOT NULL, "updated_at" datetime(6) NOT NULL)[0m
  [1m[36mActiveRecord::SchemaMigration Create (0.2ms)[0m  [1m[32mINSERT INTO "schema_migrations" ("version") VALUES (?)[0m  [["version", "20220705062907"]]
  [1m[36mTRANSACTION (2.5ms)[0m  [1m[36mcommit transaction[0m
  [1m[36mActiveRecord::InternalMetadata Load (0.2ms)[0m  [1m[34mSELECT "ar_internal_metadata".* FROM "ar_internal_metadata" WHERE "ar_internal_metadata"."key" = ? LIMIT ?[0m  [["key", "environment"], ["LIMIT", 1]]
  [1m[36mTRANSACTION (0.0ms)[0m  [1m[36mbegin transaction[0m
  [1m[36mActiveRecord::InternalMetadata Create (1.5ms)[0m  [1m[32mINSERT INTO "ar_internal_metadata" ("key", "value", "created_at", "updated_at") VALUES (?, ?, ?, ?)[0m  [["key", "environment"], ["value", "development"], ["created_at", "2022-07-05 06:32:27.898296"], ["updated_at", "2022-07-05 06:32:27.898296"]]
  [1m[36mTRANSACTION (2.4ms)[0m  [1m[36mcommit transaction[0m
  [1m[35m (0.1ms)[0m  [1m[34mSELECT sqlite_version(*)[0m
  [1m[36mActiveRecord::SchemaMigration Pluck (0.1ms)[0m  [1m[34mSELECT "schema_migrations"."version" FROM "schema_migrations" ORDER BY "schema_migrations"."version" ASC[0m
  [1m[35m (1.0ms)[0m  [1m[34mSELECT sqlite_version(*)[0m
  [1m[36mActiveRecord::SchemaMigration Pluck (0.6ms)[0m  [1m[34mSELECT "schema_migrations"."version" FROM "schema_migrations" ORDER BY "schema_migrations"."version" ASC[0m
  [1m[36mActiveRecord::InternalMetadata Load (0.5ms)[0m  [1m[34mSELECT "ar_internal_metadata".* FROM "ar_internal_metadata" WHERE "ar_internal_metadata"."key" = ? LIMIT ?[0m  [["key", "environment"], ["LIMIT", 1]]
  [1m[35m (0.0ms)[0m  [1m[34mSELECT sqlite_version(*)[0m
  [1m[36mActiveRecord::SchemaMigration Pluck (0.1ms)[0m  [1m[34mSELECT "schema_migrations"."version" FROM "schema_migrations" ORDER BY "schema_migrations"."version" ASC[0m
  [1m[35m (1.3ms)[0m  [1m[34mSELECT sqlite_version(*)[0m
  [1m[35m (1.4ms)[0m  [1m[34mSELECT sqlite_version(*)[0m
  [1m[36mActiveRecord::SchemaMigration Pluck (0.5ms)[0m  [1m[34mSELECT "schema_migrations"."version" FROM "schema_migrations" ORDER BY "schema_migrations"."version" ASC[0m
  [1m[36mActiveRecord::InternalMetadata Load (0.5ms)[0m  [1m[34mSELECT "ar_internal_metadata".* FROM "ar_internal_metadata" WHERE "ar_internal_metadata"."key" = ? LIMIT ?[0m  [["key", "environment"], ["LIMIT", 1]]
  [1m[35m (0.0ms)[0m  [1m[34mSELECT sqlite_version(*)[0m
  [1m[36mActiveRecord::SchemaMigration Pluck (0.1ms)[0m  [1m[34mSELECT "schema_migrations"."version" FROM "schema_migrations" ORDER BY "schema_migrations"."version" ASC[0m
Started GET "/questions" for 127.0.0.1 at 2022-07-05 16:07:48 +0900
  [1m[35m (0.8ms)[0m  [1m[34mSELECT sqlite_version(*)[0m
  [1m[36mActiveRecord::SchemaMigration Pluck (0.3ms)[0m  [1m[34mSELECT "schema_migrations"."version" FROM "schema_migrations" ORDER BY "schema_migrations"."version" ASC[0m
Processing by QuestionsController#index as HTML
Completed 406 Not Acceptable in 22ms (ActiveRecord: 0.0ms | Allocations: 4328)


  
ActionController::MissingExactTemplate (QuestionsController#index is missing a template for request formats: text/html):
  
actionpack (7.0.3) lib/action_controller/metal/implicit_render.rb:45:in `default_render'
actionpack (7.0.3) lib/action_controller/metal/basic_implicit_render.rb:6:in `block in send_action'
<internal:kernel>:90:in `tap'
actionpack (7.0.3) lib/action_controller/metal/basic_implicit_render.rb:6:in `send_action'
actionpack (7.0.3) lib/abstract_controller/base.rb:215:in `process_action'
actionpack (7.0.3) lib/action_controller/metal/rendering.rb:53:in `process_action'
actionpack (7.0.3) lib/abstract_controller/callbacks.rb:234:in `block in process_action'
activesupport (7.0.3) lib/active_support/callbacks.rb:118:in `block in run_callbacks'
actiontext (7.0.3) lib/action_text/rendering.rb:20:in `with_renderer'
actiontext (7.0.3) lib/action_text/engine.rb:69:in `block (4 levels) in <class:Engine>'
activesupport (7.0.3) lib/active_support/callbacks.rb:127:in `instance_exec'
activesupport (7.0.3) lib/active_support/callbacks.rb:127:in `block in run_callbacks'
activesupport (7.0.3) lib/active_support/callbacks.rb:138:in `run_callbacks'
actionpack (7.0.3) lib/abstract_controller/callbacks.rb:233:in `process_action'
actionpack (7.0.3) lib/action_controller/metal/rescue.rb:22:in `process_action'
actionpack (7.0.3) lib/action_controller/metal/instrumentation.rb:67:in `block in process_action'
activesupport (7.0.3) lib/active_support/notifications.rb:206:in `block in instrument'
activesupport (7.0.3) lib/active_support/notifications/instrumenter.rb:24:in `instrument'
activesupport (7.0.3) lib/active_support/notifications.rb:206:in `instrument'
actionpack (7.0.3) lib/action_controller/metal/instrumentation.rb:66:in `process_action'
actionpack (7.0.3) lib/action_controller/metal/params_wrapper.rb:259:in `process_action'
activerecord (7.0.3) lib/active_record/railties/controller_runtime.rb:27:in `process_action'
actionpack (7.0.3) lib/abstract_controller/base.rb:151:in `process'
actionview (7.0.3) lib/action_view/rendering.rb:39:in `process'
actionpack (7.0.3) lib/action_controller/metal.rb:188:in `dispatch'
actionpack (7.0.3) lib/action_controller/metal.rb:251:in `dispatch'
actionpack (7.0.3) lib/action_dispatch/routing/route_set.rb:49:in `dispatch'
actionpack (7.0.3) lib/action_dispatch/routing/route_set.rb:32:in `serve'
actionpack (7.0.3) lib/action_dispatch/journey/router.rb:50:in `block in serve'
actionpack (7.0.3) lib/action_dispatch/journey/router.rb:32:in `each'
actionpack (7.0.3) lib/action_dispatch/journey/router.rb:32:in `serve'
actionpack (7.0.3) lib/action_dispatch/routing/route_set.rb:852:in `call'
rack (2.2.4) lib/rack/tempfile_reaper.rb:15:in `call'
rack (2.2.4) lib/rack/etag.rb:27:in `call'
rack (2.2.4) lib/rack/conditional_get.rb:27:in `call'
rack (2.2.4) lib/rack/head.rb:12:in `call'
actionpack (7.0.3) lib/action_dispatch/http/permissions_policy.rb:38:in `call'
actionpack (7.0.3) lib/action_dispatch/http/content_security_policy.rb:36:in `call'
rack (2.2.4) lib/rack/session/abstract/id.rb:266:in `context'
rack (2.2.4) lib/rack/session/abstract/id.rb:260:in `call'
actionpack (7.0.3) lib/action_dispatch/middleware/cookies.rb:697:in `call'
activerecord (7.0.3) lib/active_record/migration.rb:603:in `call'
actionpack (7.0.3) lib/action_dispatch/middleware/callbacks.rb:27:in `block in call'
activesupport (7.0.3) lib/active_support/callbacks.rb:99:in `run_callbacks'
actionpack (7.0.3) lib/action_dispatch/middleware/callbacks.rb:26:in `call'
actionpack (7.0.3) lib/action_dispatch/middleware/executor.rb:14:in `call'
actionpack (7.0.3) lib/action_dispatch/middleware/actionable_exceptions.rb:17:in `call'
actionpack (7.0.3) lib/action_dispatch/middleware/debug_exceptions.rb:28:in `call'
web-console (4.2.0) lib/web_console/middleware.rb:132:in `call_app'
web-console (4.2.0) lib/web_console/middleware.rb:28:in `block in call'
web-console (4.2.0) lib/web_console/middleware.rb:17:in `catch'
web-console (4.2.0) lib/web_console/middleware.rb:17:in `call'
actionpack (7.0.3) lib/action_dispatch/middleware/show_exceptions.rb:26:in `call'
railties (7.0.3) lib/rails/rack/logger.rb:40:in `call_app'
railties (7.0.3) lib/rails/rack/logger.rb:25:in `block in call'
activesupport (7.0.3) lib/active_support/tagged_logging.rb:114:in `block in tagged'
activesupport (7.0.3) lib/active_support/tagged_logging.rb:38:in `tagged'
activesupport (7.0.3) lib/active_support/tagged_logging.rb:114:in `tagged'
railties (7.0.3) lib/rails/rack/logger.rb:25:in `call'
sprockets-rails (3.4.2) lib/sprockets/rails/quiet_assets.rb:13:in `call'
actionpack (7.0.3) lib/action_dispatch/middleware/remote_ip.rb:93:in `call'
actionpack (7.0.3) lib/action_dispatch/middleware/request_id.rb:26:in `call'
rack (2.2.4) lib/rack/method_override.rb:24:in `call'
rack (2.2.4) lib/rack/runtime.rb:22:in `call'
activesupport (7.0.3) lib/active_support/cache/strategy/local_cache_middleware.rb:29:in `call'
actionpack (7.0.3) lib/action_dispatch/middleware/server_timing.rb:20:in `call'
actionpack (7.0.3) lib/action_dispatch/middleware/executor.rb:14:in `call'
actionpack (7.0.3) lib/action_dispatch/middleware/static.rb:23:in `call'
rack (2.2.4) lib/rack/sendfile.rb:110:in `call'
actionpack (7.0.3) lib/action_dispatch/middleware/host_authorization.rb:131:in `call'
railties (7.0.3) lib/rails/engine.rb:530:in `call'
puma (5.6.4) lib/puma/configuration.rb:252:in `call'
puma (5.6.4) lib/puma/request.rb:77:in `block in handle_request'
puma (5.6.4) lib/puma/thread_pool.rb:340:in `with_force_shutdown'
puma (5.6.4) lib/puma/request.rb:76:in `handle_request'
puma (5.6.4) lib/puma/server.rb:441:in `process_client'
puma (5.6.4) lib/puma/thread_pool.rb:147:in `block in spawn_thread'
Started GET "/questions/new" for 127.0.0.1 at 2022-07-05 16:07:55 +0900
Processing by QuestionsController#new as HTML
  Rendering layout layouts/application.html.erb
  Rendering questions/new.html.erb within layouts/application
  Rendered questions/new.html.erb within layouts/application (Duration: 28.3ms | Allocations: 6193)
  Rendered layout layouts/application.html.erb (Duration: 396.2ms | Allocations: 103120)
Completed 200 OK in 412ms (Views: 398.5ms | ActiveRecord: 0.6ms | Allocations: 110335)


Started GET "/questions/new" for 127.0.0.1 at 2022-07-05 16:08:53 +0900
  [1m[35m (2.9ms)[0m  [1m[34mSELECT sqlite_version(*)[0m
  [1m[36mActiveRecord::SchemaMigration Pluck (0.2ms)[0m  [1m[34mSELECT "schema_migrations"."version" FROM "schema_migrations" ORDER BY "schema_migrations"."version" ASC[0m
Processing by QuestionsController#new as HTML
  Rendering layout layouts/application.html.erb
  Rendering questions/new.html.erb within layouts/application
  Rendered questions/new.html.erb within layouts/application (Duration: 23.5ms | Allocations: 4804)
  Rendered layout layouts/application.html.erb (Duration: 88.0ms | Allocations: 40412)
Completed 200 OK in 180ms (Views: 100.1ms | ActiveRecord: 0.6ms | Allocations: 52206)


Started POST "/questions" for 127.0.0.1 at 2022-07-05 16:28:19 +0900
Processing by QuestionsController#create as TURBO_STREAM
  Parameters: {"authenticity_token"=>"[FILTERED]", "question"=>{"title"=>"aaa", "name"=>"bbb", "content"=>"ccc"}, "commit"=>"Create Question"}
No template found for QuestionsController#create, rendering head :no_content
Completed 204 No Content in 3ms (Allocations: 812)


Started POST "/questions" for 127.0.0.1 at 2022-07-05 16:49:31 +0900
Processing by QuestionsController#create as TURBO_STREAM
  Parameters: {"authenticity_token"=>"[FILTERED]", "question"=>{"title"=>"aaa", "name"=>"bbb", "content"=>"ccc"}, "commit"=>"Create Question"}
Completed 500 Internal Server Error in 17ms (Allocations: 4016)


  
NameError (undefined local variable or method `quesution_params' for #<QuestionsController:0x0000000000f398>
Did you mean?  question_params):
  
app/controllers/questions_controller.rb:18:in `create'
Started GET "/questions/new" for 127.0.0.1 at 2022-07-05 16:49:50 +0900
Processing by QuestionsController#new as HTML
  [1m[35m (0.1ms)[0m  [1m[34mSELECT sqlite_version(*)[0m
  â†³ app/controllers/questions_controller.rb:12:in `new'
  Rendering layout layouts/application.html.erb
  Rendering questions/new.html.erb within layouts/application
  Rendered questions/new.html.erb within layouts/application (Duration: 4.1ms | Allocations: 1499)
  Rendered layout layouts/application.html.erb (Duration: 35.7ms | Allocations: 15677)
Completed 200 OK in 44ms (Views: 37.7ms | ActiveRecord: 0.4ms | Allocations: 19098)


Started POST "/questions" for 127.0.0.1 at 2022-07-05 16:49:59 +0900
Processing by QuestionsController#create as TURBO_STREAM
  Parameters: {"authenticity_token"=>"[FILTERED]", "question"=>{"title"=>"aaa", "name"=>"bbb", "content"=>"ccc"}, "commit"=>"Create Question"}
Completed 500 Internal Server Error in 11ms (ActiveRecord: 0.0ms | Allocations: 3361)


  
NameError (undefined local variable or method `quesution_params' for #<QuestionsController:0x00000000013628>
Did you mean?  question_params):
  
app/controllers/questions_controller.rb:18:in `create'
Started GET "/questions/new" for 127.0.0.1 at 2022-07-05 16:50:11 +0900
Processing by QuestionsController#new as HTML
  [1m[35m (0.2ms)[0m  [1m[34mSELECT sqlite_version(*)[0m
  â†³ app/controllers/questions_controller.rb:12:in `new'
  Rendering layout layouts/application.html.erb
  Rendering questions/new.html.erb within layouts/application
  Rendered questions/new.html.erb within layouts/application (Duration: 4.7ms | Allocations: 1498)
  Rendered layout layouts/application.html.erb (Duration: 50.4ms | Allocations: 15675)
Completed 200 OK in 69ms (Views: 51.7ms | ActiveRecord: 2.0ms | Allocations: 19469)


Started POST "/questions" for 127.0.0.1 at 2022-07-05 16:50:20 +0900
Processing by QuestionsController#create as TURBO_STREAM
  Parameters: {"authenticity_token"=>"[FILTERED]", "question"=>{"title"=>"aaa", "name"=>"bbb", "content"=>"ccc"}, "commit"=>"Create Question"}
Completed 500 Internal Server Error in 10ms (ActiveRecord: 0.0ms | Allocations: 3370)


  
NameError (undefined local variable or method `quesution_params' for #<QuestionsController:0x000000000177f0>
Did you mean?  question_params):
  
app/controllers/questions_controller.rb:18:in `create'
Started GET "/questions/new" for 127.0.0.1 at 2022-07-05 16:50:38 +0900
Processing by QuestionsController#new as HTML
  [1m[35m (0.3ms)[0m  [1m[34mSELECT sqlite_version(*)[0m
  â†³ app/controllers/questions_controller.rb:12:in `new'
  Rendering layout layouts/application.html.erb
  Rendering questions/new.html.erb within layouts/application
  Rendered questions/new.html.erb within layouts/application (Duration: 2.5ms | Allocations: 1508)
  Rendered layout layouts/application.html.erb (Duration: 20.5ms | Allocations: 15683)
Completed 200 OK in 30ms (Views: 22.4ms | ActiveRecord: 1.4ms | Allocations: 19444)


Started POST "/questions" for 127.0.0.1 at 2022-07-05 16:50:44 +0900
Processing by QuestionsController#create as TURBO_STREAM
  Parameters: {"authenticity_token"=>"[FILTERED]", "question"=>{"title"=>"aaa", "name"=>"bbb", "content"=>"ccc"}, "commit"=>"Create Question"}
  [1m[36mTRANSACTION (0.1ms)[0m  [1m[36mbegin transaction[0m
  â†³ app/controllers/questions_controller.rb:21:in `create'
  [1m[36mQuestion Create (1.7ms)[0m  [1m[32mINSERT INTO "questions" ("name", "title", "content", "created_at", "updated_at") VALUES (?, ?, ?, ?, ?)[0m  [["name", "bbb"], ["title", "aaa"], ["content", "ccc"], ["created_at", "2022-07-05 07:50:44.639612"], ["updated_at", "2022-07-05 07:50:44.639612"]]
  â†³ app/controllers/questions_controller.rb:21:in `create'
  [1m[36mTRANSACTION (1.5ms)[0m  [1m[36mcommit transaction[0m
  â†³ app/controllers/questions_controller.rb:21:in `create'
Redirected to http://127.0.0.1:3000/questions/1
Completed 302 Found in 10ms (ActiveRecord: 3.2ms | Allocations: 3501)


Started GET "/questions/1" for 127.0.0.1 at 2022-07-05 16:50:44 +0900
Processing by QuestionsController#show as TURBO_STREAM
  Parameters: {"id"=>"1"}
No template found for QuestionsController#show, rendering head :no_content
Completed 204 No Content in 2ms (ActiveRecord: 0.0ms | Allocations: 287)


Started GET "/questions/new" for 127.0.0.1 at 2022-07-05 23:48:16 +0900
Processing by QuestionsController#new as HTML
  Rendering layout layouts/application.html.erb
  Rendering questions/new.html.erb within layouts/application
  Rendered questions/new.html.erb within layouts/application (Duration: 5.5ms | Allocations: 1751)
  Rendered layout layouts/application.html.erb (Duration: 28.2ms | Allocations: 4395)
Completed 200 OK in 58ms (Views: 54.4ms | Allocations: 5578)


Started GET "/questions/1" for 127.0.0.1 at 2022-07-05 23:48:24 +0900
Processing by QuestionsController#show as HTML
  Parameters: {"id"=>"1"}
  Rendering layout layouts/application.html.erb
  Rendering questions/show.html.erb within layouts/application
  Rendered questions/show.html.erb within layouts/application (Duration: 2.6ms | Allocations: 117)
  Rendered layout layouts/application.html.erb (Duration: 9.1ms | Allocations: 2550)
Completed 200 OK in 11ms (Views: 9.9ms | Allocations: 2939)


Started GET "/questions/2" for 127.0.0.1 at 2022-07-05 23:48:32 +0900
Processing by QuestionsController#show as HTML
  Parameters: {"id"=>"2"}
  Rendering layout layouts/application.html.erb
  Rendering questions/show.html.erb within layouts/application
  Rendered questions/show.html.erb within layouts/application (Duration: 0.1ms | Allocations: 15)
  Rendered layout layouts/application.html.erb (Duration: 6.6ms | Allocations: 2464)
Completed 200 OK in 10ms (Views: 7.6ms | Allocations: 2782)


Started GET "/questions/2" for 127.0.0.1 at 2022-07-05 23:50:08 +0900
  
SyntaxError (/Users/kuzubatomohiko/all_data/10_Engineering/Ruby/rails_projects/qanda/app/controllers/questions_controller.rb:8: syntax error, unexpected integer literal, expecting literal content or terminator or tSTRING_DBEG or tSTRING_DVAR
    p params[:1]
              ^
/Users/kuzubatomohiko/all_data/10_Engineering/Ruby/rails_projects/qanda/app/controllers/questions_controller.rb:46: syntax error, unexpected end-of-input, expecting `end'):
  
app/controllers/questions_controller.rb:8: syntax error, unexpected integer literal, expecting literal content or terminator or tSTRING_DBEG or tSTRING_DVAR
app/controllers/questions_controller.rb:46: syntax error, unexpected end-of-input, expecting `end'
app/controllers/questions_controller.rb:8: syntax error, unexpected integer literal, expecting literal content or terminator or tSTRING_DBEG or tSTRING_DVAR
app/controllers/questions_controller.rb:46: syntax error, unexpected end-of-input, expecting `end'
app/controllers/questions_controller.rb:8: syntax error, unexpected integer literal, expecting literal content or terminator or tSTRING_DBEG or tSTRING_DVAR
app/controllers/questions_controller.rb:46: syntax error, unexpected end-of-input, expecting `end'
Started GET "/questions/1" for 127.0.0.1 at 2022-07-05 23:50:10 +0900
  
SyntaxError (/Users/kuzubatomohiko/all_data/10_Engineering/Ruby/rails_projects/qanda/app/controllers/questions_controller.rb:8: syntax error, unexpected integer literal, expecting literal content or terminator or tSTRING_DBEG or tSTRING_DVAR
    p params[:1]
              ^
/Users/kuzubatomohiko/all_data/10_Engineering/Ruby/rails_projects/qanda/app/controllers/questions_controller.rb:46: syntax error, unexpected end-of-input, expecting `end'):
  
app/controllers/questions_controller.rb:8: syntax error, unexpected integer literal, expecting literal content or terminator or tSTRING_DBEG or tSTRING_DVAR
app/controllers/questions_controller.rb:46: syntax error, unexpected end-of-input, expecting `end'
app/controllers/questions_controller.rb:8: syntax error, unexpected integer literal, expecting literal content or terminator or tSTRING_DBEG or tSTRING_DVAR
app/controllers/questions_controller.rb:46: syntax error, unexpected end-of-input, expecting `end'
app/controllers/questions_controller.rb:8: syntax error, unexpected integer literal, expecting literal content or terminator or tSTRING_DBEG or tSTRING_DVAR
app/controllers/questions_controller.rb:46: syntax error, unexpected end-of-input, expecting `end'
Started GET "/questions/1" for 127.0.0.1 at 2022-07-05 23:50:18 +0900
Processing by QuestionsController#show as HTML
  Parameters: {"id"=>"1"}
  Rendering layout layouts/application.html.erb
  Rendering questions/show.html.erb within layouts/application
  Rendered questions/show.html.erb within layouts/application (Duration: 0.1ms | Allocations: 23)
  Rendered layout layouts/application.html.erb (Duration: 44.9ms | Allocations: 14478)
Completed 200 OK in 48ms (Views: 46.9ms | Allocations: 15380)


Started GET "/questions/new" for 127.0.0.1 at 2022-07-05 23:51:40 +0900
  [1m[35m (2.0ms)[0m  [1m[34mSELECT sqlite_version(*)[0m
  [1m[36mActiveRecord::SchemaMigration Pluck (0.6ms)[0m  [1m[34mSELECT "schema_migrations"."version" FROM "schema_migrations" ORDER BY "schema_migrations"."version" ASC[0m
Processing by QuestionsController#new as HTML
  Rendering layout layouts/application.html.erb
  Rendering questions/new.html.erb within layouts/application
  Rendered questions/new.html.erb within layouts/application (Duration: 20.6ms | Allocations: 4796)
  Rendered layout layouts/application.html.erb (Duration: 136.0ms | Allocations: 39776)
Completed 200 OK in 161ms (Views: 140.2ms | ActiveRecord: 0.6ms | Allocations: 51568)


Started GET "/questions/1" for 127.0.0.1 at 2022-07-05 23:51:43 +0900
Processing by QuestionsController#show as HTML
  Parameters: {"id"=>"1"}
  Rendering layout layouts/application.html.erb
  Rendering questions/show.html.erb within layouts/application
  Rendered questions/show.html.erb within layouts/application (Duration: 1.6ms | Allocations: 137)
  Rendered layout layouts/application.html.erb (Duration: 6.7ms | Allocations: 2751)
Completed 200 OK in 9ms (Views: 7.6ms | ActiveRecord: 0.0ms | Allocations: 3236)


Started GET "/questions/2" for 127.0.0.1 at 2022-07-05 23:52:39 +0900
Processing by QuestionsController#show as HTML
  Parameters: {"id"=>"2"}
  Rendering layout layouts/application.html.erb
  Rendering questions/show.html.erb within layouts/application
  Rendered questions/show.html.erb within layouts/application (Duration: 0.1ms | Allocations: 15)
  Rendered layout layouts/application.html.erb (Duration: 10.8ms | Allocations: 2455)
Completed 200 OK in 13ms (Views: 11.5ms | ActiveRecord: 0.0ms | Allocations: 2793)


Started GET "/questions/2" for 127.0.0.1 at 2022-07-05 23:53:37 +0900
Processing by QuestionsController#show as HTML
  Parameters: {"id"=>"2"}
  [1m[35m (0.1ms)[0m  [1m[34mSELECT sqlite_version(*)[0m
  â†³ app/controllers/questions_controller.rb:8:in `show'
  [1m[36mQuestion Load (0.2ms)[0m  [1m[34mSELECT "questions".* FROM "questions" WHERE "questions"."id" = ? LIMIT ?[0m  [["id", 2], ["LIMIT", 1]]
  â†³ app/controllers/questions_controller.rb:8:in `show'
Completed 404 Not Found in 12ms (ActiveRecord: 1.3ms | Allocations: 4888)


  
ActiveRecord::RecordNotFound (Couldn't find Question with 'id'=2):
  
app/controllers/questions_controller.rb:8:in `show'
Started GET "/questions/2" for 127.0.0.1 at 2022-07-05 23:54:23 +0900
Processing by QuestionsController#show as HTML
  Parameters: {"id"=>"2"}
  [1m[35m (0.1ms)[0m  [1m[34mSELECT sqlite_version(*)[0m
  â†³ app/controllers/questions_controller.rb:8:in `show'
  [1m[36mQuestion Load (0.2ms)[0m  [1m[34mSELECT "questions".* FROM "questions" WHERE "questions"."id" = ? LIMIT ?[0m  [["id", 2], ["LIMIT", 1]]
  â†³ app/controllers/questions_controller.rb:8:in `show'
Completed 404 Not Found in 11ms (ActiveRecord: 1.9ms | Allocations: 3385)


  
ActiveRecord::RecordNotFound (Couldn't find Question with 'id'=2):
  
app/controllers/questions_controller.rb:8:in `show'
Started GET "/questions/1" for 127.0.0.1 at 2022-07-05 23:54:26 +0900
Processing by QuestionsController#show as HTML
  Parameters: {"id"=>"1"}
  [1m[36mQuestion Load (0.3ms)[0m  [1m[34mSELECT "questions".* FROM "questions" WHERE "questions"."id" = ? LIMIT ?[0m  [["id", 1], ["LIMIT", 1]]
  â†³ app/controllers/questions_controller.rb:8:in `show'
  Rendering layout layouts/application.html.erb
  Rendering questions/show.html.erb within layouts/application
  Rendered questions/show.html.erb within layouts/application (Duration: 0.1ms | Allocations: 23)
  Rendered layout layouts/application.html.erb (Duration: 27.9ms | Allocations: 14485)
Completed 200 OK in 37ms (Views: 30.2ms | ActiveRecord: 0.3ms | Allocations: 17150)


Started GET "/questions/new" for 127.0.0.1 at 2022-07-05 23:54:31 +0900
Processing by QuestionsController#new as HTML
  Rendering layout layouts/application.html.erb
  Rendering questions/new.html.erb within layouts/application
  Rendered questions/new.html.erb within layouts/application (Duration: 3.3ms | Allocations: 1385)
  Rendered layout layouts/application.html.erb (Duration: 9.0ms | Allocations: 3621)
Completed 200 OK in 10ms (Views: 9.6ms | ActiveRecord: 0.0ms | Allocations: 3999)


Started POST "/questions" for 127.0.0.1 at 2022-07-05 23:55:41 +0900
Processing by QuestionsController#create as TURBO_STREAM
  Parameters: {"authenticity_token"=>"[FILTERED]", "question"=>{"title"=>"æ‹ã¯æˆå°±ã™ã‚‹ã®ã‹ï¼Ÿ", "name"=>"ã‚ãã‚ã", "content"=>"ã©ã†ã‚„ã£ãŸã‚‰ã€ã“ã®æ‹ãŒã†ã¾ãè¡Œãã®ã‹åˆ†ã‹ã‚Šã¾ã›ã‚“ã€‚"}, "commit"=>"Create Question"}
  [1m[36mTRANSACTION (0.1ms)[0m  [1m[36mbegin transaction[0m
  â†³ app/controllers/questions_controller.rb:23:in `create'
  [1m[36mQuestion Create (3.1ms)[0m  [1m[32mINSERT INTO "questions" ("name", "title", "content", "created_at", "updated_at") VALUES (?, ?, ?, ?, ?)[0m  [["name", "ã‚ãã‚ã"], ["title", "æ‹ã¯æˆå°±ã™ã‚‹ã®ã‹ï¼Ÿ"], ["content", "ã©ã†ã‚„ã£ãŸã‚‰ã€ã“ã®æ‹ãŒã†ã¾ãè¡Œãã®ã‹åˆ†ã‹ã‚Šã¾ã›ã‚“ã€‚"], ["created_at", "2022-07-05 14:55:41.168199"], ["updated_at", "2022-07-05 14:55:41.168199"]]
  â†³ app/controllers/questions_controller.rb:23:in `create'
  [1m[36mTRANSACTION (1.3ms)[0m  [1m[36mcommit transaction[0m
  â†³ app/controllers/questions_controller.rb:23:in `create'
Redirected to http://127.0.0.1:3000/questions/2
Completed 302 Found in 11ms (ActiveRecord: 4.5ms | Allocations: 3457)


Started GET "/questions/2" for 127.0.0.1 at 2022-07-05 23:55:41 +0900
Processing by QuestionsController#show as TURBO_STREAM
  Parameters: {"id"=>"2"}
  [1m[36mQuestion Load (0.3ms)[0m  [1m[34mSELECT "questions".* FROM "questions" WHERE "questions"."id" = ? LIMIT ?[0m  [["id", 2], ["LIMIT", 1]]
  â†³ app/controllers/questions_controller.rb:8:in `show'
  Rendering layout layouts/application.html.erb
  Rendering questions/show.html.erb within layouts/application
  Rendered questions/show.html.erb within layouts/application (Duration: 0.1ms | Allocations: 17)
  Rendered layout layouts/application.html.erb (Duration: 4.4ms | Allocations: 2567)
Completed 200 OK in 8ms (Views: 5.1ms | ActiveRecord: 0.3ms | Allocations: 3546)


Started GET "/questions/2" for 127.0.0.1 at 2022-07-06 00:01:29 +0900
Processing by QuestionsController#show as HTML
  Parameters: {"id"=>"2"}
  [1m[36mQuestion Load (0.1ms)[0m  [1m[34mSELECT "questions".* FROM "questions" WHERE "questions"."id" = ? LIMIT ?[0m  [["id", 2], ["LIMIT", 1]]
  â†³ app/controllers/questions_controller.rb:8:in `show'
  Rendering layout layouts/application.html.erb
  Rendering questions/show.html.erb within layouts/application
  Rendered questions/show.html.erb within layouts/application (Duration: 27.2ms | Allocations: 4484)
  Rendered layout layouts/application.html.erb (Duration: 27.5ms | Allocations: 4568)
Completed 500 Internal Server Error in 37ms (ActiveRecord: 0.1ms | Allocations: 6235)


  
ActionView::Template::Error (undefined local variable or method `question' for #<ActionView::Base:0x00000000013c18>
Did you mean?  @question):
    1: <h1>show</h1>
    2: <p>
    3:   Title:<br>
    4:   <%= question.title %>
    5: </p>
    6: 
    7: <p>
  
app/views/questions/show.html.erb:4
Started GET "/questions/3" for 127.0.0.1 at 2022-07-06 00:01:40 +0900
Processing by QuestionsController#show as HTML
  Parameters: {"id"=>"3"}
  [1m[36mQuestion Load (0.4ms)[0m  [1m[34mSELECT "questions".* FROM "questions" WHERE "questions"."id" = ? LIMIT ?[0m  [["id", 3], ["LIMIT", 1]]
  â†³ app/controllers/questions_controller.rb:8:in `show'
Completed 404 Not Found in 6ms (ActiveRecord: 0.4ms | Allocations: 947)


  
ActiveRecord::RecordNotFound (Couldn't find Question with 'id'=3):
  
app/controllers/questions_controller.rb:8:in `show'
Started GET "/questions/5" for 127.0.0.1 at 2022-07-06 00:01:43 +0900
Processing by QuestionsController#show as HTML
  Parameters: {"id"=>"5"}
  [1m[36mQuestion Load (0.2ms)[0m  [1m[34mSELECT "questions".* FROM "questions" WHERE "questions"."id" = ? LIMIT ?[0m  [["id", 5], ["LIMIT", 1]]
  â†³ app/controllers/questions_controller.rb:8:in `show'
Completed 404 Not Found in 3ms (ActiveRecord: 0.2ms | Allocations: 900)


  
ActiveRecord::RecordNotFound (Couldn't find Question with 'id'=5):
  
app/controllers/questions_controller.rb:8:in `show'
Started GET "/questions/2" for 127.0.0.1 at 2022-07-06 00:01:46 +0900
Processing by QuestionsController#show as HTML
  Parameters: {"id"=>"2"}
  [1m[36mQuestion Load (0.1ms)[0m  [1m[34mSELECT "questions".* FROM "questions" WHERE "questions"."id" = ? LIMIT ?[0m  [["id", 2], ["LIMIT", 1]]
  â†³ app/controllers/questions_controller.rb:8:in `show'
  Rendering layout layouts/application.html.erb
  Rendering questions/show.html.erb within layouts/application
  Rendered questions/show.html.erb within layouts/application (Duration: 9.0ms | Allocations: 4179)
  Rendered layout layouts/application.html.erb (Duration: 9.3ms | Allocations: 4257)
Completed 500 Internal Server Error in 11ms (ActiveRecord: 0.1ms | Allocations: 5125)


  
ActionView::Template::Error (undefined local variable or method `question' for #<ActionView::Base:0x00000000014500>
Did you mean?  @question):
    1: <h1>show</h1>
    2: <p>
    3:   Title:<br>
    4:   <%= question.title %>
    5: </p>
    6: 
    7: <p>
  
app/views/questions/show.html.erb:4
Started GET "/questions/2" for 127.0.0.1 at 2022-07-06 00:02:02 +0900
Processing by QuestionsController#show as HTML
  Parameters: {"id"=>"2"}
  [1m[36mQuestion Load (0.2ms)[0m  [1m[34mSELECT "questions".* FROM "questions" WHERE "questions"."id" = ? LIMIT ?[0m  [["id", 2], ["LIMIT", 1]]
  â†³ app/controllers/questions_controller.rb:8:in `show'
  Rendering layout layouts/application.html.erb
  Rendering questions/show.html.erb within layouts/application
  Rendered questions/show.html.erb within layouts/application (Duration: 1.4ms | Allocations: 230)
  Rendered layout layouts/application.html.erb (Duration: 17.4ms | Allocations: 3154)
Completed 200 OK in 44ms (Views: 35.6ms | ActiveRecord: 0.2ms | Allocations: 4833)


Started GET "/questions/2" for 127.0.0.1 at 2022-07-06 00:25:39 +0900
  [1m[35m (1.9ms)[0m  [1m[34mSELECT sqlite_version(*)[0m
  [1m[36mActiveRecord::SchemaMigration Pluck (0.6ms)[0m  [1m[34mSELECT "schema_migrations"."version" FROM "schema_migrations" ORDER BY "schema_migrations"."version" ASC[0m
  
SyntaxError (/Users/kuzubatomohiko/all_data/10_Engineering/Ruby/Rails-QA-App/qanda/app/controllers/questions_controller.rb:8: syntax error, unexpected local variable or method, expecting `end'
...= Question.find(params[:id])ã€€#ãƒ‡ãƒ¼ã‚¿ã‚’å–ã‚Šå‡ºã™
...                            ^~~
):
  
app/controllers/questions_controller.rb:8: syntax error, unexpected local variable or method, expecting `end'
app/controllers/questions_controller.rb:8: syntax error, unexpected local variable or method, expecting `end'
app/controllers/questions_controller.rb:8: syntax error, unexpected local variable or method, expecting `end'
Started GET "/questions/2" for 127.0.0.1 at 2022-07-06 00:27:32 +0900
Processing by QuestionsController#show as HTML
  Parameters: {"id"=>"2"}
  [1m[35m (0.1ms)[0m  [1m[34mSELECT sqlite_version(*)[0m
  â†³ app/controllers/questions_controller.rb:8:in `show'
  [1m[36mQuestion Load (0.7ms)[0m  [1m[34mSELECT "questions".* FROM "questions" WHERE "questions"."id" = ? LIMIT ?[0m  [["id", 2], ["LIMIT", 1]]
  â†³ app/controllers/questions_controller.rb:8:in `show'
  Rendering layout layouts/application.html.erb
  Rendering questions/show.html.erb within layouts/application
  Rendered questions/show.html.erb within layouts/application (Duration: 1.6ms | Allocations: 239)
  Rendered layout layouts/application.html.erb (Duration: 100.0ms | Allocations: 36849)
Completed 200 OK in 135ms (Views: 103.3ms | ActiveRecord: 1.7ms | Allocations: 50114)


Started GET "/questions/2" for 127.0.0.1 at 2022-07-06 00:29:02 +0900
Processing by QuestionsController#show as HTML
  Parameters: {"id"=>"2"}
  [1m[36mQuestion Load (1.4ms)[0m  [1m[34mSELECT "questions".* FROM "questions" WHERE "questions"."id" = ? LIMIT ?[0m  [["id", 2], ["LIMIT", 1]]
  â†³ app/controllers/questions_controller.rb:8:in `show'
  Rendering layout layouts/application.html.erb
  Rendering questions/show.html.erb within layouts/application
  Rendered questions/show.html.erb within layouts/application (Duration: 7.3ms | Allocations: 232)
  Rendered layout layouts/application.html.erb (Duration: 20.5ms | Allocations: 3143)
Completed 200 OK in 34ms (Views: 28.6ms | ActiveRecord: 1.4ms | Allocations: 4950)


