Started GET "/" for 127.0.0.1 at 2022-06-12 14:33:31 +0900
  [1m[35m (3.2ms)[0m  [1m[34mSELECT sqlite_version(*)[0m
Processing by Rails::WelcomeController#index as HTML
  Rendering /Users/kuzubatomohiko/.rbenv/versions/3.0.1/lib/ruby/gems/3.0.0/gems/railties-7.0.3/lib/rails/templates/rails/welcome/index.html.erb
  Rendered /Users/kuzubatomohiko/.rbenv/versions/3.0.1/lib/ruby/gems/3.0.0/gems/railties-7.0.3/lib/rails/templates/rails/welcome/index.html.erb (Duration: 3.6ms | Allocations: 847)
Completed 200 OK in 28ms (Views: 10.8ms | ActiveRecord: 0.0ms | Allocations: 7798)


Started GET "/" for 127.0.0.1 at 2022-06-12 15:09:01 +0900
  [1m[35m (1.5ms)[0m  [1m[34mSELECT sqlite_version(*)[0m
Processing by Rails::WelcomeController#index as HTML
  Rendering /Users/kuzubatomohiko/.rbenv/versions/3.0.1/lib/ruby/gems/3.0.0/gems/railties-7.0.3/lib/rails/templates/rails/welcome/index.html.erb
  Rendered /Users/kuzubatomohiko/.rbenv/versions/3.0.1/lib/ruby/gems/3.0.0/gems/railties-7.0.3/lib/rails/templates/rails/welcome/index.html.erb (Duration: 2.2ms | Allocations: 739)
Completed 200 OK in 18ms (Views: 6.3ms | ActiveRecord: 0.0ms | Allocations: 6507)


Started GET "/users" for 127.0.0.1 at 2022-06-12 15:09:29 +0900
  
ActionController::RoutingError (No route matches [GET] "/users"):
  
Started GET "/users/index" for 127.0.0.1 at 2022-06-12 15:09:42 +0900
Processing by UsersController#index as HTML
  Rendering text template
  Rendered text template (Duration: 0.0ms | Allocations: 8)
Completed 200 OK in 4ms (Views: 3.3ms | ActiveRecord: 0.0ms | Allocations: 1123)


Started GET "/users/index" for 127.0.0.1 at 2022-06-12 15:11:20 +0900
Processing by UsersController#index as HTML
Completed 500 Internal Server Error in 4ms (Allocations: 2920)


  
NoMethodError (undefined method `rendar' for #<UsersController:0x0000000000e628>
Did you mean?  render):
  
app/controllers/users_controller.rb:3:in `index'
Started GET "/users/index" for 127.0.0.1 at 2022-06-12 15:13:01 +0900
Processing by UsersController#index as HTML
  Rendering layout layouts/application.html.erb
  Rendering users/index.html.erb within layouts/application
  Rendered users/index.html.erb within layouts/application (Duration: 1.1ms | Allocations: 148)
  Rendered layout layouts/application.html.erb (Duration: 753.0ms | Allocations: 96943)
Completed 200 OK in 757ms (Views: 755.8ms | Allocations: 98112)


Started GET "/users/index" for 127.0.0.1 at 2022-06-12 15:13:27 +0900
Processing by UsersController#index as HTML
Completed 500 Internal Server Error in 6ms (Allocations: 2891)


  
NoMethodError (undefined method `rendar' for #<UsersController:0x00000000015c98>
Did you mean?  render):
  
app/controllers/users_controller.rb:3:in `index'
Started GET "/users/index" for 127.0.0.1 at 2022-06-12 15:31:34 +0900
  
ActionController::RoutingError (No route matches [GET] "/users/index"):
  
Started GET "/" for 127.0.0.1 at 2022-06-12 15:48:10 +0900
  [1m[35m (1.6ms)[0m  [1m[34mSELECT sqlite_version(*)[0m
Processing by Rails::WelcomeController#index as HTML
  Rendering /Users/kuzubatomohiko/.rbenv/versions/3.0.1/lib/ruby/gems/3.0.0/gems/railties-7.0.3/lib/rails/templates/rails/welcome/index.html.erb
  Rendered /Users/kuzubatomohiko/.rbenv/versions/3.0.1/lib/ruby/gems/3.0.0/gems/railties-7.0.3/lib/rails/templates/rails/welcome/index.html.erb (Duration: 2.8ms | Allocations: 739)
Completed 200 OK in 25ms (Views: 8.9ms | ActiveRecord: 0.0ms | Allocations: 6507)


Started GET "/users" for 127.0.0.1 at 2022-06-12 15:48:24 +0900
Processing by UsersController#index as HTML
  Rendering text template
  Rendered text template (Duration: 0.0ms | Allocations: 8)
Completed 200 OK in 6ms (Views: 4.4ms | ActiveRecord: 0.0ms | Allocations: 1054)


Started GET "/users" for 127.0.0.1 at 2022-06-12 15:54:44 +0900
Processing by UsersController#index as HTML
  Rendering layout layouts/application.html.erb
  Rendering users/index.html.erb within layouts/application
  Rendered users/index.html.erb within layouts/application (Duration: 0.9ms | Allocations: 150)
  Rendered layout layouts/application.html.erb (Duration: 193.9ms | Allocations: 35770)
Completed 200 OK in 202ms (Views: 199.4ms | Allocations: 37009)


Started GET "/users" for 127.0.0.1 at 2022-06-12 15:57:35 +0900
Processing by UsersController#index as HTML
  Rendering layout layouts/application.html.erb
  Rendering users/index.html.erb within layouts/application
  Rendered users/index.html.erb within layouts/application (Duration: 1.4ms | Allocations: 190)
  Rendered layout layouts/application.html.erb (Duration: 6.5ms | Allocations: 3083)
Completed 200 OK in 10ms (Views: 8.8ms | Allocations: 4245)


Started GET "/users" for 127.0.0.1 at 2022-06-12 15:57:48 +0900
Processing by UsersController#index as HTML
  Rendering layout layouts/application.html.erb
  Rendering users/index.html.erb within layouts/application
  Rendered users/index.html.erb within layouts/application (Duration: 0.7ms | Allocations: 170)
  Rendered layout layouts/application.html.erb (Duration: 6.0ms | Allocations: 3065)
Completed 200 OK in 9ms (Views: 7.9ms | Allocations: 4228)


Started GET "/users" for 127.0.0.1 at 2022-06-12 15:58:00 +0900
Processing by UsersController#index as HTML
  Rendering layout layouts/application.html.erb
  Rendering users/index.html.erb within layouts/application
  Rendered users/index.html.erb within layouts/application (Duration: 0.5ms | Allocations: 170)
  Rendered layout layouts/application.html.erb (Duration: 4.3ms | Allocations: 3064)
Completed 200 OK in 8ms (Views: 6.2ms | Allocations: 4217)


Started GET "/users" for 127.0.0.1 at 2022-06-12 15:58:38 +0900
Processing by UsersController#index as HTML
  Rendering layout layouts/application.html.erb
  Rendering users/index.html.erb within layouts/application
  Rendered users/index.html.erb within layouts/application (Duration: 1.1ms | Allocations: 170)
  Rendered layout layouts/application.html.erb (Duration: 12.4ms | Allocations: 3060)
Completed 200 OK in 19ms (Views: 16.6ms | Allocations: 4217)


Started GET "/users" for 127.0.0.1 at 2022-06-12 16:02:22 +0900
Processing by UsersController#index as HTML
  Rendering layout layouts/application.html.erb
  Rendering users/index.html.erb within layouts/application
  Rendered users/index.html.erb within layouts/application (Duration: 0.4ms | Allocations: 190)
  Rendered layout layouts/application.html.erb (Duration: 22.9ms | Allocations: 14800)
Completed 200 OK in 29ms (Views: 25.0ms | Allocations: 16031)


  [1m[35m (2.1ms)[0m  [1m[34mSELECT sqlite_version(*)[0m
  [1m[35m (2.0ms)[0m  [1m[35mCREATE TABLE "schema_migrations" ("version" varchar NOT NULL PRIMARY KEY)[0m
  [1m[35m (1.4ms)[0m  [1m[35mCREATE TABLE "ar_internal_metadata" ("key" varchar NOT NULL PRIMARY KEY, "value" varchar, "created_at" datetime(6) NOT NULL, "updated_at" datetime(6) NOT NULL)[0m
  [1m[36mActiveRecord::SchemaMigration Pluck (0.2ms)[0m  [1m[34mSELECT "schema_migrations"."version" FROM "schema_migrations" ORDER BY "schema_migrations"."version" ASC[0m
Migrating to CreateUsers (20220612082406)
  [1m[36mTRANSACTION (0.1ms)[0m  [1m[36mbegin transaction[0m
  [1m[35m (0.4ms)[0m  [1m[35mCREATE TABLE "users" ("id" integer PRIMARY KEY AUTOINCREMENT NOT NULL, "name" varchar, "age" integer, "created_at" datetime(6) NOT NULL, "updated_at" datetime(6) NOT NULL)[0m
  [1m[36mActiveRecord::SchemaMigration Create (0.2ms)[0m  [1m[32mINSERT INTO "schema_migrations" ("version") VALUES (?)[0m  [["version", "20220612082406"]]
  [1m[36mTRANSACTION (1.1ms)[0m  [1m[36mcommit transaction[0m
  [1m[36mActiveRecord::InternalMetadata Load (0.2ms)[0m  [1m[34mSELECT "ar_internal_metadata".* FROM "ar_internal_metadata" WHERE "ar_internal_metadata"."key" = ? LIMIT ?[0m  [["key", "environment"], ["LIMIT", 1]]
  [1m[36mTRANSACTION (0.1ms)[0m  [1m[36mbegin transaction[0m
  [1m[36mActiveRecord::InternalMetadata Create (0.4ms)[0m  [1m[32mINSERT INTO "ar_internal_metadata" ("key", "value", "created_at", "updated_at") VALUES (?, ?, ?, ?)[0m  [["key", "environment"], ["value", "development"], ["created_at", "2022-06-12 08:27:33.391444"], ["updated_at", "2022-06-12 08:27:33.391444"]]
  [1m[36mTRANSACTION (1.0ms)[0m  [1m[36mcommit transaction[0m
  [1m[35m (0.0ms)[0m  [1m[34mSELECT sqlite_version(*)[0m
  [1m[36mActiveRecord::SchemaMigration Pluck (0.1ms)[0m  [1m[34mSELECT "schema_migrations"."version" FROM "schema_migrations" ORDER BY "schema_migrations"."version" ASC[0m
  [1m[35m (1.4ms)[0m  [1m[34mSELECT sqlite_version(*)[0m
  [1m[36mUser Load (0.7ms)[0m  [1m[34mSELECT "users".* FROM "users"[0m
  [1m[36mTRANSACTION (0.1ms)[0m  [1m[36mbegin transaction[0m
  [1m[36mUser Create (1.9ms)[0m  [1m[32mINSERT INTO "users" ("name", "age", "created_at", "updated_at") VALUES (?, ?, ?, ?)[0m  [["name", "tomohiko kuzuba"], ["age", 25], ["created_at", "2022-06-12 08:45:28.142664"], ["updated_at", "2022-06-12 08:45:28.142664"]]
  [1m[36mTRANSACTION (1.2ms)[0m  [1m[36mcommit transaction[0m
  [1m[36mUser Load (0.3ms)[0m  [1m[34mSELECT "users".* FROM "users"[0m
  [1m[36mUser Load (0.2ms)[0m  [1m[34mSELECT "users".* FROM "users" WHERE "users"."id" = ? LIMIT ?[0m  [["id", 2], ["LIMIT", 1]]
  [1m[36mUser Load (0.2ms)[0m  [1m[34mSELECT "users".* FROM "users" WHERE "users"."id" = ? LIMIT ?[0m  [["id", 2], ["LIMIT", 1]]
  [1m[36mUser Load (0.1ms)[0m  [1m[34mSELECT "users".* FROM "users" WHERE "users"."id" = ? LIMIT ?[0m  [["id", 2], ["LIMIT", 1]]
  [1m[36mUser Load (0.3ms)[0m  [1m[34mSELECT "users".* FROM "users" WHERE "users"."id" = ? LIMIT ?[0m  [["id", 2], ["LIMIT", 1]]
  [1m[36mUser Load (0.2ms)[0m  [1m[34mSELECT "users".* FROM "users" WHERE "users"."id" = ? LIMIT ?[0m  [["id", 1], ["LIMIT", 1]]
  [1m[36mUser Load (0.2ms)[0m  [1m[34mSELECT "users".* FROM "users" WHERE "users"."id" = ? LIMIT ?[0m  [["id", 2], ["LIMIT", 1]]
  [1m[36mUser Load (0.2ms)[0m  [1m[34mSELECT "users".* FROM "users" WHERE "users"."id" = ? LIMIT ?[0m  [["id", 2], ["LIMIT", 1]]
  [1m[36mUser Load (0.2ms)[0m  [1m[34mSELECT "users".* FROM "users" WHERE "users"."id" = ? LIMIT ?[0m  [["id", 2], ["LIMIT", 1]]
  [1m[36mUser Load (0.3ms)[0m  [1m[34mSELECT "users".* FROM "users"[0m
  [1m[36mUser Load (0.1ms)[0m  [1m[34mSELECT "users".* FROM "users" WHERE "users"."id" = ? LIMIT ?[0m  [["id", 2], ["LIMIT", 1]]
  [1m[36mUser Load (0.2ms)[0m  [1m[34mSELECT "users".* FROM "users"[0m
  [1m[36mUser Load (0.4ms)[0m  [1m[34mSELECT "users".* FROM "users"[0m
  [1m[36mUser Load (0.2ms)[0m  [1m[34mSELECT "users".* FROM "users" WHERE "users"."id" = ? LIMIT ?[0m  [["id", 2], ["LIMIT", 1]]
  [1m[36mTRANSACTION (0.1ms)[0m  [1m[36mbegin transaction[0m
  [1m[36mUser Create (2.1ms)[0m  [1m[32mINSERT INTO "users" ("name", "age", "created_at", "updated_at") VALUES (?, ?, ?, ?)[0m  [["name", "taro yamada"], ["age", 21], ["created_at", "2022-06-12 09:00:55.106933"], ["updated_at", "2022-06-12 09:00:55.106933"]]
  [1m[36mTRANSACTION (1.6ms)[0m  [1m[36mcommit transaction[0m
  [1m[36mUser Load (0.3ms)[0m  [1m[34mSELECT "users".* FROM "users"[0m
  [1m[36mUser Load (0.2ms)[0m  [1m[34mSELECT "users".* FROM "users" WHERE "users"."id" = ? LIMIT ?[0m  [["id", 2], ["LIMIT", 1]]
  [1m[36mUser Load (0.2ms)[0m  [1m[34mSELECT "users".* FROM "users"[0m
  [1m[36mUser Load (0.2ms)[0m  [1m[34mSELECT "users".* FROM "users"[0m
  [1m[36mUser Load (0.2ms)[0m  [1m[34mSELECT "users".* FROM "users" WHERE "users"."id" = ? LIMIT ?[0m  [["id", 2], ["LIMIT", 1]]
  [1m[36mTRANSACTION (0.1ms)[0m  [1m[36mbegin transaction[0m
  [1m[36mUser Update (3.3ms)[0m  [1m[33mUPDATE "users" SET "name" = ?, "updated_at" = ? WHERE "users"."id" = ?[0m  [["name", "taro tanaka"], ["updated_at", "2022-06-12 09:10:22.762978"], ["id", 2]]
  [1m[36mTRANSACTION (3.0ms)[0m  [1m[36mcommit transaction[0m
  [1m[36mUser Load (0.3ms)[0m  [1m[34mSELECT "users".* FROM "users"[0m
  [1m[36mUser Load (0.2ms)[0m  [1m[34mSELECT "users".* FROM "users" WHERE "users"."id" = ? LIMIT ?[0m  [["id", 2], ["LIMIT", 1]]
  [1m[35m (1.7ms)[0m  [1m[34mSELECT sqlite_version(*)[0m
  [1m[36mUser Load (1.0ms)[0m  [1m[34mSELECT "users".* FROM "users"[0m
  [1m[36mTRANSACTION (0.1ms)[0m  [1m[36mbegin transaction[0m
  [1m[36mUser Create (2.3ms)[0m  [1m[32mINSERT INTO "users" ("name", "age", "created_at", "updated_at") VALUES (?, ?, ?, ?)[0m  [["name", "liam"], ["age", 20], ["created_at", "2022-07-05 01:31:55.457037"], ["updated_at", "2022-07-05 01:31:55.457037"]]
  [1m[36mTRANSACTION (1.6ms)[0m  [1m[36mcommit transaction[0m
  [1m[36mTRANSACTION (0.1ms)[0m  [1m[36mbegin transaction[0m
  [1m[36mUser Create (0.6ms)[0m  [1m[32mINSERT INTO "users" ("name", "age", "created_at", "updated_at") VALUES (?, ?, ?, ?)[0m  [["name", "olivia"], ["age", 21], ["created_at", "2022-07-05 01:33:29.358077"], ["updated_at", "2022-07-05 01:33:29.358077"]]
  [1m[36mTRANSACTION (1.3ms)[0m  [1m[36mcommit transaction[0m
  [1m[36mTRANSACTION (0.1ms)[0m  [1m[36mbegin transaction[0m
  [1m[36mUser Create (0.6ms)[0m  [1m[32mINSERT INTO "users" ("name", "age", "created_at", "updated_at") VALUES (?, ?, ?, ?)[0m  [["name", "lucas"], ["age", 24], ["created_at", "2022-07-05 01:34:31.284126"], ["updated_at", "2022-07-05 01:34:31.284126"]]
  [1m[36mTRANSACTION (1.8ms)[0m  [1m[36mcommit transaction[0m
  [1m[36mUser Load (0.2ms)[0m  [1m[34mSELECT "users".* FROM "users"[0m
  [1m[36mUser Load (0.2ms)[0m  [1m[34mSELECT "users".* FROM "users" WHERE "users"."id" BETWEEN ? AND ?[0m  [["id", 1], ["id", 2]]
  [1m[36mTRANSACTION (0.1ms)[0m  [1m[36mbegin transaction[0m
  [1m[36mUser Destroy (0.4ms)[0m  [1m[31mDELETE FROM "users" WHERE "users"."id" = ?[0m  [["id", 1]]
  [1m[36mTRANSACTION (1.0ms)[0m  [1m[36mcommit transaction[0m
  [1m[36mTRANSACTION (0.0ms)[0m  [1m[36mbegin transaction[0m
  [1m[36mUser Destroy (0.5ms)[0m  [1m[31mDELETE FROM "users" WHERE "users"."id" = ?[0m  [["id", 2]]
  [1m[36mTRANSACTION (1.0ms)[0m  [1m[36mcommit transaction[0m
  [1m[36mUser Load (0.2ms)[0m  [1m[34mSELECT "users".* FROM "users"[0m
  [1m[36mUser Load (0.2ms)[0m  [1m[34mSELECT "users".* FROM "users"[0m
  [1m[36mUser Load (0.3ms)[0m  [1m[34mSELECT "users".* FROM "users"[0m
  [1m[36mTRANSACTION (0.1ms)[0m  [1m[36mbegin transaction[0m
  [1m[36mUser Destroy (0.5ms)[0m  [1m[31mDELETE FROM "users" WHERE "users"."id" = ?[0m  [["id", 3]]
  [1m[36mTRANSACTION (1.4ms)[0m  [1m[36mcommit transaction[0m
  [1m[36mTRANSACTION (0.1ms)[0m  [1m[36mbegin transaction[0m
  [1m[36mUser Destroy (0.6ms)[0m  [1m[31mDELETE FROM "users" WHERE "users"."id" = ?[0m  [["id", 4]]
  [1m[36mTRANSACTION (0.9ms)[0m  [1m[36mcommit transaction[0m
  [1m[36mTRANSACTION (0.1ms)[0m  [1m[36mbegin transaction[0m
  [1m[36mUser Destroy (0.8ms)[0m  [1m[31mDELETE FROM "users" WHERE "users"."id" = ?[0m  [["id", 5]]
  [1m[36mTRANSACTION (1.0ms)[0m  [1m[36mcommit transaction[0m
  [1m[36mUser Load (0.2ms)[0m  [1m[34mSELECT "users".* FROM "users"[0m
  [1m[36mUser Load (0.1ms)[0m  [1m[34mSELECT "users".* FROM "users"[0m
  [1m[36mUser Load (0.2ms)[0m  [1m[34mSELECT "users".* FROM "users"[0m
  [1m[36mTRANSACTION (0.1ms)[0m  [1m[36mbegin transaction[0m
  [1m[36mUser Create (0.7ms)[0m  [1m[32mINSERT INTO "users" ("name", "age", "created_at", "updated_at") VALUES (?, ?, ?, ?)[0m  [["name", "liam"], ["age", 20], ["created_at", "2022-07-05 01:43:20.485115"], ["updated_at", "2022-07-05 01:43:20.485115"]]
  [1m[36mTRANSACTION (1.0ms)[0m  [1m[36mcommit transaction[0m
  [1m[36mUser Load (0.2ms)[0m  [1m[34mSELECT "users".* FROM "users"[0m
  [1m[36mUser Load (0.2ms)[0m  [1m[34mSELECT "users".* FROM "users"[0m
  [1m[36mTRANSACTION (0.1ms)[0m  [1m[36mbegin transaction[0m
  [1m[36mUser Destroy (0.6ms)[0m  [1m[31mDELETE FROM "users" WHERE "users"."id" = ?[0m  [["id", 6]]
  [1m[36mTRANSACTION (1.6ms)[0m  [1m[36mcommit transaction[0m
  [1m[36mTRANSACTION (0.1ms)[0m  [1m[36mbegin transaction[0m
  [1m[36mUser Create (0.6ms)[0m  [1m[32mINSERT INTO "users" ("id", "name", "age", "created_at", "updated_at") VALUES (?, ?, ?, ?, ?)[0m  [["id", 1], ["name", "liam"], ["age", 20], ["created_at", "2022-07-05 01:44:13.914012"], ["updated_at", "2022-07-05 01:44:13.914012"]]
  [1m[36mTRANSACTION (1.6ms)[0m  [1m[36mcommit transaction[0m
  [1m[36mUser Load (0.2ms)[0m  [1m[34mSELECT "users".* FROM "users"[0m
  [1m[36mTRANSACTION (0.1ms)[0m  [1m[36mbegin transaction[0m
  [1m[36mUser Create (0.5ms)[0m  [1m[32mINSERT INTO "users" ("id", "name", "age", "created_at", "updated_at") VALUES (?, ?, ?, ?, ?)[0m  [["id", 2], ["name", "Olivia"], ["age", 24], ["created_at", "2022-07-05 01:45:44.146896"], ["updated_at", "2022-07-05 01:45:44.146896"]]
  [1m[36mTRANSACTION (1.3ms)[0m  [1m[36mcommit transaction[0m
  [1m[36mTRANSACTION (0.1ms)[0m  [1m[36mbegin transaction[0m
  [1m[36mUser Create (0.7ms)[0m  [1m[32mINSERT INTO "users" ("id", "name", "age", "created_at", "updated_at") VALUES (?, ?, ?, ?, ?)[0m  [["id", 3], ["name", "Lucas"], ["age", 23], ["created_at", "2022-07-05 01:46:01.239374"], ["updated_at", "2022-07-05 01:46:01.239374"]]
  [1m[36mTRANSACTION (1.0ms)[0m  [1m[36mcommit transaction[0m
  [1m[36mUser Load (0.2ms)[0m  [1m[34mSELECT "users".* FROM "users"[0m
Started GET "/" for 127.0.0.1 at 2022-07-05 10:52:02 +0900
  [1m[35m (1.1ms)[0m  [1m[34mSELECT sqlite_version(*)[0m
  [1m[36mActiveRecord::SchemaMigration Pluck (0.2ms)[0m  [1m[34mSELECT "schema_migrations"."version" FROM "schema_migrations" ORDER BY "schema_migrations"."version" ASC[0m
Processing by Rails::WelcomeController#index as HTML
  Rendering /Users/kuzubatomohiko/.rbenv/versions/3.0.1/lib/ruby/gems/3.0.0/gems/railties-7.0.3/lib/rails/templates/rails/welcome/index.html.erb
  Rendered /Users/kuzubatomohiko/.rbenv/versions/3.0.1/lib/ruby/gems/3.0.0/gems/railties-7.0.3/lib/rails/templates/rails/welcome/index.html.erb (Duration: 2.6ms | Allocations: 739)
Completed 200 OK in 25ms (Views: 7.6ms | ActiveRecord: 0.0ms | Allocations: 6508)


Started GET "/hello" for 127.0.0.1 at 2022-07-05 11:09:22 +0900
  [1m[35m (1.6ms)[0m  [1m[34mSELECT sqlite_version(*)[0m
  [1m[36mActiveRecord::SchemaMigration Pluck (0.3ms)[0m  [1m[34mSELECT "schema_migrations"."version" FROM "schema_migrations" ORDER BY "schema_migrations"."version" ASC[0m
  
ActionController::RoutingError (No route matches [GET] "/hello"):
  
Started GET "/users" for 127.0.0.1 at 2022-07-05 11:09:39 +0900
Processing by UsersController#index as HTML
  Rendering layout layouts/application.html.erb
  Rendering users/index.html.erb within layouts/application
  Rendered users/index.html.erb within layouts/application (Duration: 1.8ms | Allocations: 1247)
  Rendered layout layouts/application.html.erb (Duration: 2.1ms | Allocations: 1334)
Completed 500 Internal Server Error in 20ms (ActiveRecord: 0.0ms | Allocations: 5923)


  
ActionView::SyntaxErrorInTemplate (Encountered a syntax error while rendering template: check <p>Hello view！</p>
<p><%= 20**2%></p>
<p><%= @num %></p>
<ul>
  <% users.each do |user| %>
  <li>
    <%= user.id %>, <%= user.name %>, <%= user.age %>
  </li>
</ul>
):
1:    <p>Hello view！</p>
2:    <p><%= 20**2%></p>
3:    <p><%= @num %></p>
4:    <ul>
5:      <% users.each do |user| %>
6:      <li>
7:        <%= user.id %>, <%= user.name %>, <%= user.age %>
8:      </li>
9:    </ul>
  
app/views/users/index.html.erb:11: syntax error, unexpected end-of-input, expecting `end'
app/views/users/index.html.erb:11: syntax error, unexpected end-of-input, expecting `end'
app/views/users/index.html.erb:11: syntax error, unexpected end-of-input, expecting `end'
app/views/users/index.html.erb:11: syntax error, unexpected end-of-input, expecting `end'
app/views/users/index.html.erb:11: syntax error, unexpected end-of-input, expecting `end'
app/views/users/index.html.erb:11: syntax error, unexpected end-of-input, expecting `end'
Started GET "/users" for 127.0.0.1 at 2022-07-05 11:15:41 +0900
  [1m[35m (1.2ms)[0m  [1m[34mSELECT sqlite_version(*)[0m
  [1m[36mActiveRecord::SchemaMigration Pluck (0.1ms)[0m  [1m[34mSELECT "schema_migrations"."version" FROM "schema_migrations" ORDER BY "schema_migrations"."version" ASC[0m
Processing by UsersController#index as HTML
  Rendering layout layouts/application.html.erb
  Rendering users/index.html.erb within layouts/application
  Rendered users/index.html.erb within layouts/application (Duration: 3.9ms | Allocations: 2319)
  Rendered layout layouts/application.html.erb (Duration: 4.2ms | Allocations: 2422)
Completed 500 Internal Server Error in 22ms (ActiveRecord: 0.0ms | Allocations: 9053)


  
ActionView::SyntaxErrorInTemplate (Encountered a syntax error while rendering template: check <p>Hello view！</p>
<p><%= 20**2%></p>
<p><%= @num %></p>
<ul>
  <% @users.each do |user| %>
  <li>
    <%= user.id %>, <%= user.name %>, <%= user.age %>
  </li>
</ul>
):
1:    <p>Hello view！</p>
2:    <p><%= 20**2%></p>
3:    <p><%= @num %></p>
4:    <ul>
5:      <% @users.each do |user| %>
6:      <li>
7:        <%= user.id %>, <%= user.name %>, <%= user.age %>
8:      </li>
9:    </ul>
  
app/views/users/index.html.erb:11: syntax error, unexpected end-of-input, expecting `end'
app/views/users/index.html.erb:11: syntax error, unexpected end-of-input, expecting `end'
app/views/users/index.html.erb:11: syntax error, unexpected end-of-input, expecting `end'
app/views/users/index.html.erb:11: syntax error, unexpected end-of-input, expecting `end'
app/views/users/index.html.erb:11: syntax error, unexpected end-of-input, expecting `end'
app/views/users/index.html.erb:11: syntax error, unexpected end-of-input, expecting `end'
Started GET "/users" for 127.0.0.1 at 2022-07-05 11:17:12 +0900
  [1m[35m (1.4ms)[0m  [1m[34mSELECT sqlite_version(*)[0m
  [1m[36mActiveRecord::SchemaMigration Pluck (0.2ms)[0m  [1m[34mSELECT "schema_migrations"."version" FROM "schema_migrations" ORDER BY "schema_migrations"."version" ASC[0m
Processing by UsersController#index as HTML
  Rendering layout layouts/application.html.erb
  Rendering users/index.html.erb within layouts/application
  [1m[36mUser Load (0.2ms)[0m  [1m[34mSELECT "users".* FROM "users"[0m
  ↳ app/views/users/index.html.erb:5
  Rendered users/index.html.erb within layouts/application (Duration: 10.5ms | Allocations: 5999)
  Rendered layout layouts/application.html.erb (Duration: 84.0ms | Allocations: 41591)
Completed 200 OK in 106ms (Views: 89.5ms | ActiveRecord: 0.7ms | Allocations: 48285)


Started GET "/userss" for 127.0.0.1 at 2022-07-05 11:22:44 +0900
Processing by UsersController#index as HTML
  Rendering layout layouts/application.html.erb
  Rendering users/index.html.erb within layouts/application
  [1m[35m (0.1ms)[0m  [1m[34mSELECT sqlite_version(*)[0m
  ↳ app/views/users/index.html.erb:5
  [1m[36mUser Load (0.2ms)[0m  [1m[34mSELECT "users".* FROM "users"[0m
  ↳ app/views/users/index.html.erb:5
  Rendered users/index.html.erb within layouts/application (Duration: 5.4ms | Allocations: 2742)
  Rendered layout layouts/application.html.erb (Duration: 42.1ms | Allocations: 17155)
Completed 200 OK in 48ms (Views: 44.6ms | ActiveRecord: 1.0ms | Allocations: 18746)


Started GET "/users" for 127.0.0.1 at 2022-07-05 11:22:49 +0900
  
ActionController::RoutingError (No route matches [GET] "/users"):
  
Started GET "/userss" for 127.0.0.1 at 2022-07-05 11:22:51 +0900
Processing by UsersController#index as HTML
  Rendering layout layouts/application.html.erb
  Rendering users/index.html.erb within layouts/application
  [1m[36mUser Load (0.2ms)[0m  [1m[34mSELECT "users".* FROM "users"[0m
  ↳ app/views/users/index.html.erb:5
  Rendered users/index.html.erb within layouts/application (Duration: 1.7ms | Allocations: 646)
  Rendered layout layouts/application.html.erb (Duration: 8.5ms | Allocations: 3257)
Completed 200 OK in 11ms (Views: 9.3ms | ActiveRecord: 0.2ms | Allocations: 3644)


